This is pdfTeX, Version 3.141592653-2.6-1.40.22 (TeX Live 2021) (preloaded format=pdflatex 2021.4.12)  14 APR 2021 22:41
entering extended mode
 restricted \write18 enabled.
 %&-line parsing enabled.
**R-Assignment-1.tex
(./R-Assignment-1.tex
LaTeX2e <2020-10-01> patch level 4
L3 programming layer <2021-02-18>
(/Users/taslimarahmanprema/Library/TinyTeX/texmf-dist/tex/latex/base/article.cl
s
Document Class: article 2020/04/10 v1.4m Standard LaTeX document class

(/Users/taslimarahmanprema/Library/TinyTeX/texmf-dist/tex/latex/base/size10.clo
File: size10.clo 2020/04/10 v1.4m Standard LaTeX file (size option)
)
\c@part=\count179
\c@section=\count180
\c@subsection=\count181
\c@subsubsection=\count182
\c@paragraph=\count183
\c@subparagraph=\count184
\c@figure=\count185
\c@table=\count186
\abovecaptionskip=\skip47
\belowcaptionskip=\skip48
\bibindent=\dimen138
)
(/Users/taslimarahmanprema/Library/TinyTeX/texmf-dist/tex/latex/amsmath/amsmath
.sty
Package: amsmath 2020/09/23 v2.17i AMS math features
\@mathmargin=\skip49
For additional information on amsmath, use the `?' option.

(/Users/taslimarahmanprema/Library/TinyTeX/texmf-dist/tex/latex/amsmath/amstext
.sty
Package: amstext 2000/06/29 v2.01 AMS text

(/Users/taslimarahmanprema/Library/TinyTeX/texmf-dist/tex/latex/amsmath/amsgen.
sty
File: amsgen.sty 1999/11/30 v2.0 generic functions
\@emptytoks=\toks15
\ex@=\dimen139
))
(/Users/taslimarahmanprema/Library/TinyTeX/texmf-dist/tex/latex/amsmath/amsbsy.
sty
Package: amsbsy 1999/11/29 v1.2d Bold Symbols
\pmbraise@=\dimen140
)
(/Users/taslimarahmanprema/Library/TinyTeX/texmf-dist/tex/latex/amsmath/amsopn.
sty
Package: amsopn 2016/03/08 v2.02 operator names
)
\inf@bad=\count187
LaTeX Info: Redefining \frac on input line 234.
\uproot@=\count188
\leftroot@=\count189
LaTeX Info: Redefining \overline on input line 399.
\classnum@=\count190
\DOTSCASE@=\count191
LaTeX Info: Redefining \ldots on input line 496.
LaTeX Info: Redefining \dots on input line 499.
LaTeX Info: Redefining \cdots on input line 620.
\Mathstrutbox@=\box47
\strutbox@=\box48
\big@size=\dimen141
LaTeX Font Info:    Redeclaring font encoding OML on input line 743.
LaTeX Font Info:    Redeclaring font encoding OMS on input line 744.
\macc@depth=\count192
\c@MaxMatrixCols=\count193
\dotsspace@=\muskip16
\c@parentequation=\count194
\dspbrk@lvl=\count195
\tag@help=\toks16
\row@=\count196
\column@=\count197
\maxfields@=\count198
\andhelp@=\toks17
\eqnshift@=\dimen142
\alignsep@=\dimen143
\tagshift@=\dimen144
\tagwidth@=\dimen145
\totwidth@=\dimen146
\lineht@=\dimen147
\@envbody=\toks18
\multlinegap=\skip50
\multlinetaggap=\skip51
\mathdisplay@stack=\toks19
LaTeX Info: Redefining \[ on input line 2923.
LaTeX Info: Redefining \] on input line 2924.
)
(/Users/taslimarahmanprema/Library/TinyTeX/texmf-dist/tex/latex/amsfonts/amssym
b.sty
Package: amssymb 2013/01/14 v3.01 AMS font symbols

(/Users/taslimarahmanprema/Library/TinyTeX/texmf-dist/tex/latex/amsfonts/amsfon
ts.sty
Package: amsfonts 2013/01/14 v3.01 Basic AMSFonts support
\symAMSa=\mathgroup4
\symAMSb=\mathgroup5
LaTeX Font Info:    Redeclaring math symbol \hbar on input line 98.
LaTeX Font Info:    Overwriting math alphabet `\mathfrak' in version `bold'
(Font)                  U/euf/m/n --> U/euf/b/n on input line 106.
)) (/Users/taslimarahmanprema/Library/TinyTeX/texmf-dist/tex/latex/lm/lmodern.s
ty
Package: lmodern 2015/05/01 v1.6.1 Latin Modern Fonts
LaTeX Font Info:    Overwriting symbol font `operators' in version `normal'
(Font)                  OT1/cmr/m/n --> OT1/lmr/m/n on input line 22.
LaTeX Font Info:    Overwriting symbol font `letters' in version `normal'
(Font)                  OML/cmm/m/it --> OML/lmm/m/it on input line 23.
LaTeX Font Info:    Overwriting symbol font `symbols' in version `normal'
(Font)                  OMS/cmsy/m/n --> OMS/lmsy/m/n on input line 24.
LaTeX Font Info:    Overwriting symbol font `largesymbols' in version `normal'
(Font)                  OMX/cmex/m/n --> OMX/lmex/m/n on input line 25.
LaTeX Font Info:    Overwriting symbol font `operators' in version `bold'
(Font)                  OT1/cmr/bx/n --> OT1/lmr/bx/n on input line 26.
LaTeX Font Info:    Overwriting symbol font `letters' in version `bold'
(Font)                  OML/cmm/b/it --> OML/lmm/b/it on input line 27.
LaTeX Font Info:    Overwriting symbol font `symbols' in version `bold'
(Font)                  OMS/cmsy/b/n --> OMS/lmsy/b/n on input line 28.
LaTeX Font Info:    Overwriting symbol font `largesymbols' in version `bold'
(Font)                  OMX/cmex/m/n --> OMX/lmex/m/n on input line 29.
LaTeX Font Info:    Overwriting math alphabet `\mathbf' in version `normal'
(Font)                  OT1/cmr/bx/n --> OT1/lmr/bx/n on input line 31.
LaTeX Font Info:    Overwriting math alphabet `\mathsf' in version `normal'
(Font)                  OT1/cmss/m/n --> OT1/lmss/m/n on input line 32.
LaTeX Font Info:    Overwriting math alphabet `\mathit' in version `normal'
(Font)                  OT1/cmr/m/it --> OT1/lmr/m/it on input line 33.
LaTeX Font Info:    Overwriting math alphabet `\mathtt' in version `normal'
(Font)                  OT1/cmtt/m/n --> OT1/lmtt/m/n on input line 34.
LaTeX Font Info:    Overwriting math alphabet `\mathbf' in version `bold'
(Font)                  OT1/cmr/bx/n --> OT1/lmr/bx/n on input line 35.
LaTeX Font Info:    Overwriting math alphabet `\mathsf' in version `bold'
(Font)                  OT1/cmss/bx/n --> OT1/lmss/bx/n on input line 36.
LaTeX Font Info:    Overwriting math alphabet `\mathit' in version `bold'
(Font)                  OT1/cmr/bx/it --> OT1/lmr/bx/it on input line 37.
LaTeX Font Info:    Overwriting math alphabet `\mathtt' in version `bold'
(Font)                  OT1/cmtt/m/n --> OT1/lmtt/m/n on input line 38.
)
(/Users/taslimarahmanprema/Library/TinyTeX/texmf-dist/tex/generic/iftex/ifxetex
.sty
Package: ifxetex 2019/10/25 v0.7 ifxetex legacy package. Use iftex instead.

(/Users/taslimarahmanprema/Library/TinyTeX/texmf-dist/tex/generic/iftex/iftex.s
ty
Package: iftex 2020/03/06 v1.0d TeX engine tests
))
(/Users/taslimarahmanprema/Library/TinyTeX/texmf-dist/tex/generic/iftex/ifluate
x.sty
Package: ifluatex 2019/10/25 v1.5 ifluatex legacy package. Use iftex instead.
)
(/Users/taslimarahmanprema/Library/TinyTeX/texmf-dist/tex/latex/base/fontenc.st
y
Package: fontenc 2020/08/10 v2.0s Standard LaTeX package
LaTeX Font Info:    Trying to load font information for T1+lmr on input line 11
2.
(/Users/taslimarahmanprema/Library/TinyTeX/texmf-dist/tex/latex/lm/t1lmr.fd
File: t1lmr.fd 2015/05/01 v1.6.1 Font defs for Latin Modern
))
(/Users/taslimarahmanprema/Library/TinyTeX/texmf-dist/tex/latex/base/inputenc.s
ty
Package: inputenc 2020/08/01 v1.3d Input encoding file
\inpenc@prehook=\toks20
\inpenc@posthook=\toks21
)
(/Users/taslimarahmanprema/Library/TinyTeX/texmf-dist/tex/latex/base/textcomp.s
ty
Package: textcomp 2020/02/02 v2.0n Standard LaTeX package
)
(/Users/taslimarahmanprema/Library/TinyTeX/texmf-dist/tex/latex/xcolor/xcolor.s
ty
Package: xcolor 2016/05/11 v2.12 LaTeX color extensions (UK)

(/Users/taslimarahmanprema/Library/TinyTeX/texmf-dist/tex/latex/graphics-cfg/co
lor.cfg
File: color.cfg 2016/01/02 v1.6 sample color configuration
)
Package xcolor Info: Driver file: pdftex.def on input line 225.

(/Users/taslimarahmanprema/Library/TinyTeX/texmf-dist/tex/latex/graphics-def/pd
ftex.def
File: pdftex.def 2020/10/05 v1.2a Graphics/color driver for pdftex
)
Package xcolor Info: Model `cmy' substituted by `cmy0' on input line 1348.
Package xcolor Info: Model `hsb' substituted by `rgb' on input line 1352.
Package xcolor Info: Model `RGB' extended on input line 1364.
Package xcolor Info: Model `HTML' substituted by `rgb' on input line 1366.
Package xcolor Info: Model `Hsb' substituted by `hsb' on input line 1367.
Package xcolor Info: Model `tHsb' substituted by `hsb' on input line 1368.
Package xcolor Info: Model `HSB' substituted by `hsb' on input line 1369.
Package xcolor Info: Model `Gray' substituted by `gray' on input line 1370.
Package xcolor Info: Model `wave' substituted by `hsb' on input line 1371.
)
(/Users/taslimarahmanprema/Library/TinyTeX/texmf-dist/tex/latex/hyperref/hyperr
ef.sty
Package: hyperref 2021-02-27 v7.00k Hypertext links for LaTeX

(/Users/taslimarahmanprema/Library/TinyTeX/texmf-dist/tex/generic/ltxcmds/ltxcm
ds.sty
Package: ltxcmds 2020-05-10 v1.25 LaTeX kernel commands for general use (HO)
)
(/Users/taslimarahmanprema/Library/TinyTeX/texmf-dist/tex/generic/pdftexcmds/pd
ftexcmds.sty
Package: pdftexcmds 2020-06-27 v0.33 Utility functions of pdfTeX for LuaTeX (HO
)

(/Users/taslimarahmanprema/Library/TinyTeX/texmf-dist/tex/generic/infwarerr/inf
warerr.sty
Package: infwarerr 2019/12/03 v1.5 Providing info/warning/error messages (HO)
)
Package pdftexcmds Info: \pdf@primitive is available.
Package pdftexcmds Info: \pdf@ifprimitive is available.
Package pdftexcmds Info: \pdfdraftmode found.
)
(/Users/taslimarahmanprema/Library/TinyTeX/texmf-dist/tex/latex/graphics/keyval
.sty
Package: keyval 2014/10/28 v1.15 key=value parser (DPC)
\KV@toks@=\toks22
)
(/Users/taslimarahmanprema/Library/TinyTeX/texmf-dist/tex/generic/kvsetkeys/kvs
etkeys.sty
Package: kvsetkeys 2019/12/15 v1.18 Key value parser (HO)
)
(/Users/taslimarahmanprema/Library/TinyTeX/texmf-dist/tex/generic/kvdefinekeys/
kvdefinekeys.sty
Package: kvdefinekeys 2019-12-19 v1.6 Define keys (HO)
)
(/Users/taslimarahmanprema/Library/TinyTeX/texmf-dist/tex/generic/pdfescape/pdf
escape.sty
Package: pdfescape 2019/12/09 v1.15 Implements pdfTeX's escape features (HO)
)
(/Users/taslimarahmanprema/Library/TinyTeX/texmf-dist/tex/latex/hycolor/hycolor
.sty
Package: hycolor 2020-01-27 v1.10 Color options for hyperref/bookmark (HO)
)
(/Users/taslimarahmanprema/Library/TinyTeX/texmf-dist/tex/latex/letltxmacro/let
ltxmacro.sty
Package: letltxmacro 2019/12/03 v1.6 Let assignment for LaTeX macros (HO)
)
(/Users/taslimarahmanprema/Library/TinyTeX/texmf-dist/tex/latex/auxhook/auxhook
.sty
Package: auxhook 2019-12-17 v1.6 Hooks for auxiliary files (HO)
)
(/Users/taslimarahmanprema/Library/TinyTeX/texmf-dist/tex/latex/kvoptions/kvopt
ions.sty
Package: kvoptions 2020-10-07 v3.14 Key value format for package options (HO)
)
\@linkdim=\dimen148
\Hy@linkcounter=\count199
\Hy@pagecounter=\count266

(/Users/taslimarahmanprema/Library/TinyTeX/texmf-dist/tex/latex/hyperref/pd1enc
.def
File: pd1enc.def 2021-02-27 v7.00k Hyperref: PDFDocEncoding definition (HO)
Now handling font encoding PD1 ...
... no UTF-8 mapping file for font encoding PD1
)
(/Users/taslimarahmanprema/Library/TinyTeX/texmf-dist/tex/latex/hyperref/hyperr
ef-langpatches.def
File: hyperref-langpatches.def 2021-02-27 v7.00k Hyperref: patches for babel la
nguages
)
(/Users/taslimarahmanprema/Library/TinyTeX/texmf-dist/tex/generic/intcalc/intca
lc.sty
Package: intcalc 2019/12/15 v1.3 Expandable calculations with integers (HO)
)
(/Users/taslimarahmanprema/Library/TinyTeX/texmf-dist/tex/generic/etexcmds/etex
cmds.sty
Package: etexcmds 2019/12/15 v1.7 Avoid name clashes with e-TeX commands (HO)
)
\Hy@SavedSpaceFactor=\count267

(/Users/taslimarahmanprema/Library/TinyTeX/texmf-dist/tex/latex/hyperref/puenc.
def
File: puenc.def 2021-02-27 v7.00k Hyperref: PDF Unicode definition (HO)
Now handling font encoding PU ...
... no UTF-8 mapping file for font encoding PU
)
Package hyperref Info: Option `unicode' set `true' on input line 4073.
Package hyperref Info: Hyper figures OFF on input line 4192.
Package hyperref Info: Link nesting OFF on input line 4197.
Package hyperref Info: Hyper index ON on input line 4200.
Package hyperref Info: Plain pages OFF on input line 4207.
Package hyperref Info: Backreferencing OFF on input line 4212.
Package hyperref Info: Implicit mode ON; LaTeX internals redefined.
Package hyperref Info: Bookmarks ON on input line 4445.
\c@Hy@tempcnt=\count268
(/Users/taslimarahmanprema/Library/TinyTeX/texmf-dist/tex/latex/url/url.sty
\Urlmuskip=\muskip17
Package: url 2013/09/16  ver 3.4  Verb mode for urls, etc.
)
LaTeX Info: Redefining \url on input line 4804.
\XeTeXLinkMargin=\dimen149

(/Users/taslimarahmanprema/Library/TinyTeX/texmf-dist/tex/generic/bitset/bitset
.sty
Package: bitset 2019/12/09 v1.3 Handle bit-vector datatype (HO)

(/Users/taslimarahmanprema/Library/TinyTeX/texmf-dist/tex/generic/bigintcalc/bi
gintcalc.sty
Package: bigintcalc 2019/12/15 v1.5 Expandable calculations on big integers (HO
)
))
\Fld@menulength=\count269
\Field@Width=\dimen150
\Fld@charsize=\dimen151
Package hyperref Info: Hyper figures OFF on input line 6075.
Package hyperref Info: Link nesting OFF on input line 6080.
Package hyperref Info: Hyper index ON on input line 6083.
Package hyperref Info: backreferencing OFF on input line 6090.
Package hyperref Info: Link coloring OFF on input line 6095.
Package hyperref Info: Link coloring with OCG OFF on input line 6100.
Package hyperref Info: PDF/A mode OFF on input line 6105.
LaTeX Info: Redefining \ref on input line 6145.
LaTeX Info: Redefining \pageref on input line 6149.

(/Users/taslimarahmanprema/Library/TinyTeX/texmf-dist/tex/latex/base/atbegshi-l
tx.sty
Package: atbegshi-ltx 2020/08/17 v1.0a Emulation of the original atbegshi packa
ge
with kernel methods
)
\Hy@abspage=\count270
\c@Item=\count271
\c@Hfootnote=\count272
)
Package hyperref Info: Driver (autodetected): hpdftex.

(/Users/taslimarahmanprema/Library/TinyTeX/texmf-dist/tex/latex/hyperref/hpdfte
x.def
File: hpdftex.def 2021-02-27 v7.00k Hyperref driver for pdfTeX

(/Users/taslimarahmanprema/Library/TinyTeX/texmf-dist/tex/latex/base/atveryend-
ltx.sty
Package: atveryend-ltx 2020/08/19 v1.0a Emulation of the original atvery packag
e
with kernel methods
)
\Fld@listcount=\count273
\c@bookmark@seq@number=\count274

(/Users/taslimarahmanprema/Library/TinyTeX/texmf-dist/tex/latex/rerunfilecheck/
rerunfilecheck.sty
Package: rerunfilecheck 2019/12/05 v1.9 Rerun checks for auxiliary files (HO)

(/Users/taslimarahmanprema/Library/TinyTeX/texmf-dist/tex/generic/uniquecounter
/uniquecounter.sty
Package: uniquecounter 2019/12/15 v1.4 Provide unlimited unique counter (HO)
)
Package uniquecounter Info: New unique counter `rerunfilecheck' on input line 2
86.
)
\Hy@SectionHShift=\skip52
)
(/Users/taslimarahmanprema/Library/TinyTeX/texmf-dist/tex/latex/geometry/geomet
ry.sty
Package: geometry 2020/01/02 v5.9 Page Geometry

(/Users/taslimarahmanprema/Library/TinyTeX/texmf-dist/tex/generic/iftex/ifvtex.
sty
Package: ifvtex 2019/10/25 v1.7 ifvtex legacy package. Use iftex instead.
)
\Gm@cnth=\count275
\Gm@cntv=\count276
\c@Gm@tempcnt=\count277
\Gm@bindingoffset=\dimen152
\Gm@wd@mp=\dimen153
\Gm@odd@mp=\dimen154
\Gm@even@mp=\dimen155
\Gm@layoutwidth=\dimen156
\Gm@layoutheight=\dimen157
\Gm@layouthoffset=\dimen158
\Gm@layoutvoffset=\dimen159
\Gm@dimlist=\toks23
)
(/Users/taslimarahmanprema/Library/TinyTeX/texmf-dist/tex/latex/fancyvrb/fancyv
rb.sty
Package: fancyvrb 2021/01/20 v3.7 verbatim text (tvz,hv)
\FV@CodeLineNo=\count278
\FV@InFile=\read2
\FV@TabBox=\box49
\c@FancyVerbLine=\count279
\FV@StepNumber=\count280
\FV@OutFile=\write3
)
(/Users/taslimarahmanprema/Library/TinyTeX/texmf-dist/tex/latex/framed/framed.s
ty
Package: framed 2011/10/22 v 0.96: framed or shaded text with page breaks
\OuterFrameSep=\skip53
\fb@frw=\dimen160
\fb@frh=\dimen161
\FrameRule=\dimen162
\FrameSep=\dimen163
)
(/Users/taslimarahmanprema/Library/TinyTeX/texmf-dist/tex/latex/graphics/graphi
cx.sty
Package: graphicx 2020/09/09 v1.2b Enhanced LaTeX Graphics (DPC,SPQR)

(/Users/taslimarahmanprema/Library/TinyTeX/texmf-dist/tex/latex/graphics/graphi
cs.sty
Package: graphics 2020/08/30 v1.4c Standard LaTeX Graphics (DPC,SPQR)

(/Users/taslimarahmanprema/Library/TinyTeX/texmf-dist/tex/latex/graphics/trig.s
ty
Package: trig 2016/01/03 v1.10 sin cos tan (DPC)
)
(/Users/taslimarahmanprema/Library/TinyTeX/texmf-dist/tex/latex/graphics-cfg/gr
aphics.cfg
File: graphics.cfg 2016/06/04 v1.11 sample graphics configuration
)
Package graphics Info: Driver file: pdftex.def on input line 105.
)
\Gin@req@height=\dimen164
\Gin@req@width=\dimen165
)
(/Users/taslimarahmanprema/Library/TinyTeX/texmf-dist/tex/latex/fancyhdr/fancyh
dr.sty
Package: fancyhdr 2021/01/28 v4.0.1 Extensive control of page headers and foote
rs
\f@nch@headwidth=\skip54
\f@nch@O@elh=\skip55
\f@nch@O@erh=\skip56
\f@nch@O@olh=\skip57
\f@nch@O@orh=\skip58
\f@nch@O@elf=\skip59
\f@nch@O@erf=\skip60
\f@nch@O@olf=\skip61
\f@nch@O@orf=\skip62
)

Package fancyhdr Warning: \fancyhead's `E' option without twoside option is use
less on input line 103.


Package fancyhdr Warning: \fancyfoot's `E' option without twoside option is use
less on input line 104.


(/Users/taslimarahmanprema/Library/TinyTeX/texmf-dist/tex/latex/l3backend/l3bac
kend-pdftex.def
File: l3backend-pdftex.def 2021-03-18 L3 backend support: PDF output (pdfTeX)
\l__color_backend_stack_int=\count281
\l__pdf_internal_box=\box50
) (./R-Assignment-1.aux)
\openout1 = `R-Assignment-1.aux'.

LaTeX Font Info:    Checking defaults for OML/cmm/m/it on input line 113.
LaTeX Font Info:    ... okay on input line 113.
LaTeX Font Info:    Checking defaults for OMS/cmsy/m/n on input line 113.
LaTeX Font Info:    ... okay on input line 113.
LaTeX Font Info:    Checking defaults for OT1/cmr/m/n on input line 113.
LaTeX Font Info:    ... okay on input line 113.
LaTeX Font Info:    Checking defaults for T1/cmr/m/n on input line 113.
LaTeX Font Info:    ... okay on input line 113.
LaTeX Font Info:    Checking defaults for TS1/cmr/m/n on input line 113.
LaTeX Font Info:    ... okay on input line 113.
LaTeX Font Info:    Checking defaults for OMX/cmex/m/n on input line 113.
LaTeX Font Info:    ... okay on input line 113.
LaTeX Font Info:    Checking defaults for U/cmr/m/n on input line 113.
LaTeX Font Info:    ... okay on input line 113.
LaTeX Font Info:    Checking defaults for PD1/pdf/m/n on input line 113.
LaTeX Font Info:    ... okay on input line 113.
LaTeX Font Info:    Checking defaults for PU/pdf/m/n on input line 113.
LaTeX Font Info:    ... okay on input line 113.

(/Users/taslimarahmanprema/Library/TinyTeX/texmf-dist/tex/latex/epstopdf-pkg/ep
stopdf-base.sty
Package: epstopdf-base 2020-01-24 v2.11 Base part for package epstopdf
Package epstopdf-base Info: Redefining graphics rule for `.eps' on input line 4
85.

(/Users/taslimarahmanprema/Library/TinyTeX/texmf-dist/tex/latex/latexconfig/eps
topdf-sys.cfg
File: epstopdf-sys.cfg 2010/07/13 v1.3 Configuration of (r)epstopdf for TeX Liv
e
))
Package hyperref Info: Link coloring OFF on input line 113.

(/Users/taslimarahmanprema/Library/TinyTeX/texmf-dist/tex/latex/hyperref/namere
f.sty
Package: nameref 2021-04-02 v2.47 Cross-referencing by name of section

(/Users/taslimarahmanprema/Library/TinyTeX/texmf-dist/tex/latex/refcount/refcou
nt.sty
Package: refcount 2019/12/15 v3.6 Data extraction from label references (HO)
)
(/Users/taslimarahmanprema/Library/TinyTeX/texmf-dist/tex/generic/gettitlestrin
g/gettitlestring.sty
Package: gettitlestring 2019/12/15 v1.6 Cleanup title references (HO)
)
\c@section@level=\count282
)
LaTeX Info: Redefining \ref on input line 113.
LaTeX Info: Redefining \pageref on input line 113.
LaTeX Info: Redefining \nameref on input line 113.
(./R-Assignment-1.out) (./R-Assignment-1.out)
\@outlinefile=\write4
\openout4 = `R-Assignment-1.out'.

*geometry* driver: auto-detecting
*geometry* detected driver: pdftex
*geometry* verbose mode - [ preamble ] result:
* driver: pdftex
* paper: <default>
* layout: <same size as paper>
* layoutoffset:(h,v)=(0.0pt,0.0pt)
* modes: 
* h-part:(L,W,R)=(72.26999pt, 469.75502pt, 72.26999pt)
* v-part:(T,H,B)=(72.26999pt, 650.43001pt, 72.26999pt)
* \paperwidth=614.295pt
* \paperheight=794.96999pt
* \textwidth=469.75502pt
* \textheight=650.43001pt
* \oddsidemargin=0.0pt
* \evensidemargin=0.0pt
* \topmargin=-37.0pt
* \headheight=12.0pt
* \headsep=25.0pt
* \topskip=10.0pt
* \footskip=30.0pt
* \marginparwidth=65.0pt
* \marginparsep=11.0pt
* \columnsep=10.0pt
* \skip\footins=9.0pt plus 4.0pt minus 2.0pt
* \hoffset=0.0pt
* \voffset=0.0pt
* \mag=1000
* \@twocolumnfalse
* \@twosidefalse
* \@mparswitchfalse
* \@reversemarginfalse
* (1in=72.27pt=25.4mm, 1cm=28.453pt)

LaTeX Font Info:    Trying to load font information for OT1+lmr on input line 1
15.
(/Users/taslimarahmanprema/Library/TinyTeX/texmf-dist/tex/latex/lm/ot1lmr.fd
File: ot1lmr.fd 2015/05/01 v1.6.1 Font defs for Latin Modern
)
LaTeX Font Info:    Trying to load font information for OML+lmm on input line 1
15.
(/Users/taslimarahmanprema/Library/TinyTeX/texmf-dist/tex/latex/lm/omllmm.fd
File: omllmm.fd 2015/05/01 v1.6.1 Font defs for Latin Modern
)
LaTeX Font Info:    Trying to load font information for OMS+lmsy on input line 
115.
(/Users/taslimarahmanprema/Library/TinyTeX/texmf-dist/tex/latex/lm/omslmsy.fd
File: omslmsy.fd 2015/05/01 v1.6.1 Font defs for Latin Modern
)
LaTeX Font Info:    Trying to load font information for OMX+lmex on input line 
115.
(/Users/taslimarahmanprema/Library/TinyTeX/texmf-dist/tex/latex/lm/omxlmex.fd
File: omxlmex.fd 2015/05/01 v1.6.1 Font defs for Latin Modern
)
LaTeX Font Info:    External font `lmex10' loaded for size
(Font)              <12> on input line 115.
LaTeX Font Info:    External font `lmex10' loaded for size
(Font)              <8> on input line 115.
LaTeX Font Info:    External font `lmex10' loaded for size
(Font)              <6> on input line 115.
LaTeX Font Info:    Trying to load font information for U+msa on input line 115
.

(/Users/taslimarahmanprema/Library/TinyTeX/texmf-dist/tex/latex/amsfonts/umsa.f
d
File: umsa.fd 2013/01/14 v3.01 AMS symbols A
)
LaTeX Font Info:    Trying to load font information for U+msb on input line 115
.

(/Users/taslimarahmanprema/Library/TinyTeX/texmf-dist/tex/latex/amsfonts/umsb.f
d
File: umsb.fd 2013/01/14 v3.01 AMS symbols B
)
LaTeX Font Info:    Trying to load font information for T1+lmtt on input line 1
27.
(/Users/taslimarahmanprema/Library/TinyTeX/texmf-dist/tex/latex/lm/t1lmtt.fd
File: t1lmtt.fd 2015/05/01 v1.6.1 Font defs for Latin Modern
) [1

{/Users/taslimarahmanprema/Library/TinyTeX/texmf-var/fonts/map/pdftex/updmap/pd
ftex.map}]
Overfull \hbox (28.99353pt too wide) in paragraph at lines 208--208
[]\T1/lmtt/m/n/10 ##  $ Outcome1                 : chr [1:398835] "Resolved" "R
esolved" "Resolved" "Resolved" ...[] 
 []


Overfull \hbox (238.99292pt too wide) in paragraph at lines 208--208
[]\T1/lmtt/m/n/10 ##  $ Reporting_PHU            : chr [1:398835] "Peel Public 
Health" "Peel Public Health" "Peel Public Health" "Peel Public Health" ...[] 
 []


Overfull \hbox (322.99268pt too wide) in paragraph at lines 208--208
[]\T1/lmtt/m/n/10 ##  $ Reporting_PHU_Address    : chr [1:398835] "7120 Huronta
rio Street" "7120 Hurontario Street" "7120 Hurontario Street" "7120 Hurontario 
Street" ...[] 
 []


Overfull \hbox (91.99335pt too wide) in paragraph at lines 208--208
[]\T1/lmtt/m/n/10 ##  $ Reporting_PHU_City       : chr [1:398835] "Mississauga"
 "Mississauga" "Mississauga" "Mississauga" ...[] 
 []


Overfull \hbox (7.99359pt too wide) in paragraph at lines 208--208
[]\T1/lmtt/m/n/10 ##  $ Reporting_PHU_Postal_Code: chr [1:398835] "L5W 1N4" "L5
W 1N4" "L5W 1N4" "L5W 1N4" ...[] 
 []


Overfull \hbox (385.9925pt too wide) in paragraph at lines 208--208
[]\T1/lmtt/m/n/10 ##  $ Reporting_PHU_Website    : chr [1:398835] "www.peelregi
on.ca/health/" "www.peelregion.ca/health/" "www.peelregion.ca/health/" "www.pee
lregion.ca/health/" ...[] 
 []

[2]
LaTeX Font Info:    Font shape `T1/lmtt/bx/n' in size <10> not available
(Font)              Font shape `T1/lmtt/b/n' tried instead on input line 273.
[3] [4] [5] [6] [7] [8] [9] [10] [11] [12] [13] [14] [15] [16] [17] [18] [19] [
20] [21] [22] [23] [24] [25] [26] [27] [28] [29] [30] [31] [32] [33] [34] [35] 
[36] [37] [38] [39] [40] [41] [42] [43] [44] [45] [46] [47] [48] [49] [50] [51]
[52] [53] [54] [55] [56] [57] [58] [59] [60] [61] [62] [63] [64] [65] [66] [67]
[68] [69] [70] [71] [72] [73] [74] [75] [76] [77] [78] [79] [80] [81] [82] [83]
[84] [85] [86] [87] [88] [89] [90] [91] [92] [93] [94] [95] [96] [97] [98] [99]
[100] [101] [102] [103] [104] [105] [106] [107] [108] [109] [110] [111] [112] [
113] [114] [115] [116] [117] [118] [119] [120] [121] [122] [123] [124] [125] [1
26] [127] [128] [129] [130] [131] [132] [133] [134] [135] [136] [137] [138] [13
9] [140] [141] [142] [143] [144] [145] [146] [147] [148] [149] [150] [151] [152
] [153] [154] [155] [156] [157] [158] [159] [160] [161] [162] [163] [164] [165]
[166] [167] [168] [169] [170] [171] [172] [173] [174] [175] [176] [177] [178] [
179] [180] [181] [182] [183] [184] [185] [186] [187] [188] [189] [190] [191] [1
92] [193] [194] [195] [196] [197] [198] [199] [200] [201] [202] [203] [204] [20
5] [206] [207] [208] [209] [210] [211] [212] [213] [214] [215] [216] [217] [218
] [219] [220] [221] [222] [223] [224] [225] [226] [227] [228] [229] [230] [231]
[232] [233] [234] [235] [236] [237] [238] [239] [240] [241] [242] [243] [244] [
245] [246] [247] [248] [249] [250] [251] [252] [253] [254] [255] [256] [257] [2
58] [259] [260] [261] [262] [263] [264] [265] [266] [267] [268] [269] [270] [27
1] [272] [273] [274] [275] [276] [277] [278] [279] [280] [281] [282] [283] [284
] [285] [286] [287] [288] [289] [290] [291] [292] [293] [294] [295] [296] [297]
[298] [299] [300] [301] [302] [303] [304] [305] [306] [307] [308] [309] [310] [
311] [312] [313] [314] [315] [316] [317] [318] [319] [320] [321] [322] [323] [3
24] [325] [326] [327] [328] [329] [330] [331] [332] [333] [334] [335] [336] [33
7] [338] [339] [340] [341] [342] [343] [344] [345] [346] [347] [348] [349] [350
] [351] [352] [353] [354] [355] [356] [357] [358] [359] [360] [361] [362] [363]
[364] [365] [366] [367] [368] [369] [370] [371] [372] [373] [374] [375] [376] [
377] [378] [379] [380] [381] [382] [383] [384] [385] [386] [387] [388] [389] [3
90] [391] [392] [393] [394] [395] [396] [397] [398] [399] [400] [401] [402] [40
3] [404] [405] [406] [407] [408] [409] [410] [411] [412] [413] [414] [415] [416
] [417] [418] [419] [420] [421] [422] [423] [424] [425] [426] [427] [428] [429]
[430] [431] [432] [433] [434] [435] [436] [437] [438] [439] [440] [441] [442] [
443] [444] [445] [446] [447] [448] [449] [450] [451] [452] [453] [454] [455] [4
56] [457] [458] [459] [460] [461] [462] [463] [464] [465] [466] [467] [468] [46
9] [470] [471] [472] [473] [474] [475] [476] [477] [478] [479] [480] [481] [482
] [483] [484] [485] [486] [487] [488] [489] [490] [491] [492] [493] [494] [495]
[496] [497] [498] [499] [500] [501] [502] [503] [504] [505] [506] [507] [508] [
509] [510] [511] [512] [513] [514] [515] [516] [517] [518] [519] [520] [521] [5
22] [523] [524] [525] [526] [527] [528] [529] [530] [531] [532] [533] [534] [53
5] [536] [537] [538] [539] [540] [541] [542] [543] [544] [545] [546] [547] [548
] [549] [550] [551] [552] [553] [554] [555] [556] [557] [558] [559] [560] [561]
[562] [563]
<R-Assignment-1_files/figure-latex/unnamed-chunk-18-1.pdf, id=2448, 469.755pt x
 325.215pt>
File: R-Assignment-1_files/figure-latex/unnamed-chunk-18-1.pdf Graphic file (ty
pe pdf)
<use R-Assignment-1_files/figure-latex/unnamed-chunk-18-1.pdf>
Package pdftex.def Info: R-Assignment-1_files/figure-latex/unnamed-chunk-18-1.p
df  used on input line 30636.
(pdftex.def)             Requested size: 469.75386pt x 325.2142pt.

Underfull \hbox (badness 10000) in paragraph at lines 30636--30638
[][]
 []

[564]
<R-Assignment-1_files/figure-latex/unnamed-chunk-19-1.pdf, id=2454, 469.755pt x
 325.215pt>
File: R-Assignment-1_files/figure-latex/unnamed-chunk-19-1.pdf Graphic file (ty
pe pdf)
<use R-Assignment-1_files/figure-latex/unnamed-chunk-19-1.pdf>
Package pdftex.def Info: R-Assignment-1_files/figure-latex/unnamed-chunk-19-1.p
df  used on input line 30649.
(pdftex.def)             Requested size: 469.75386pt x 325.2142pt.
[565 <./R-Assignment-1_files/figure-latex/unnamed-chunk-18-1.pdf>]
<R-Assignment-1_files/figure-latex/unnamed-chunk-21-1.pdf, id=2465, 469.755pt x
 325.215pt>
File: R-Assignment-1_files/figure-latex/unnamed-chunk-21-1.pdf Graphic file (ty
pe pdf)
<use R-Assignment-1_files/figure-latex/unnamed-chunk-21-1.pdf>
Package pdftex.def Info: R-Assignment-1_files/figure-latex/unnamed-chunk-21-1.p
df  used on input line 30684.
(pdftex.def)             Requested size: 469.75386pt x 325.2142pt.
[566 <./R-Assignment-1_files/figure-latex/unnamed-chunk-19-1.pdf>]
LaTeX Font Info:    External font `lmex10' loaded for size
(Font)              <10> on input line 30691.
LaTeX Font Info:    External font `lmex10' loaded for size
(Font)              <7> on input line 30691.
LaTeX Font Info:    External font `lmex10' loaded for size
(Font)              <5> on input line 30691.
<R-Assignment-1_files/figure-latex/pressure-1.pdf, id=2478, 469.755pt x 325.215
pt>
File: R-Assignment-1_files/figure-latex/pressure-1.pdf Graphic file (type pdf)
<use R-Assignment-1_files/figure-latex/pressure-1.pdf>
Package pdftex.def Info: R-Assignment-1_files/figure-latex/pressure-1.pdf  used
 on input line 30718.
(pdftex.def)             Requested size: 469.75386pt x 325.2142pt.
[567 <./R-Assignment-1_files/figure-latex/unnamed-chunk-21-1.pdf>] [568 <./R-As
signment-1_files/figure-latex/pressure-1.pdf>] (./R-Assignment-1.aux)
Package rerunfilecheck Info: File `R-Assignment-1.out' has not changed.
(rerunfilecheck)             Checksum: A93D8123136FDEDFC469A234A0163F36;2441.
 ) 
Here is how much of TeX's memory you used:
 11189 strings out of 480954
 161412 string characters out of 5906449
 2129865 words of memory out of 5000000
 27630 multiletter control sequences out of 15000+600000
 446380 words of font info for 66 fonts, out of 8000000 for 9000
 14 hyphenation exceptions out of 8191
 71i,12n,74p,439b,471s stack positions out of 5000i,500n,10000p,200000b,80000s
{/Users/taslimarahmanprema/Library/TinyTeX/texmf-dist/fonts/enc/dvips/lm/lm-e
c.enc}</Users/taslimarahmanprema/Library/TinyTeX/texmf-dist/fonts/type1/public/
lm/lmbx10.pfb></Users/taslimarahmanprema/Library/TinyTeX/texmf-dist/fonts/type1
/public/lm/lmbx12.pfb></Users/taslimarahmanprema/Library/TinyTeX/texmf-dist/fon
ts/type1/public/lm/lmr10.pfb></Users/taslimarahmanprema/Library/TinyTeX/texmf-d
ist/fonts/type1/public/lm/lmr17.pfb></Users/taslimarahmanprema/Library/TinyTeX/
texmf-dist/fonts/type1/public/lm/lmro10.pfb></Users/taslimarahmanprema/Library/
TinyTeX/texmf-dist/fonts/type1/public/lm/lmtk10.pfb></Users/taslimarahmanprema/
Library/TinyTeX/texmf-dist/fonts/type1/public/lm/lmtt10.pfb>
Output written on R-Assignment-1.pdf (568 pages, 3981715 bytes).
PDF statistics:
 2676 PDF objects out of 2984 (max. 8388607)
 2070 compressed objects within 21 object streams
 601 named destinations out of 1000 (max. 500000)
 149 words of extra memory for PDF output out of 10000 (max. 10000000)

